{"D:\\course-exc\\Node-Express-exc\\vidly-backend\\vidly-backend-src\\middleware\\admin.js": {"path":"D:\\course-exc\\Node-Express-exc\\vidly-backend\\vidly-backend-src\\middleware\\admin.js","statementMap":{"0":{"start":{"line":1,"column":0},"end":{"line":4,"column":1}},"1":{"start":{"line":2,"column":4},"end":{"line":2,"column":72}},"2":{"start":{"line":2,"column":27},"end":{"line":2,"column":72}},"3":{"start":{"line":3,"column":4},"end":{"line":3,"column":11}}},"fnMap":{"0":{"name":"(anonymous_0)","decl":{"start":{"line":1,"column":17},"end":{"line":1,"column":18}},"loc":{"start":{"line":1,"column":41},"end":{"line":4,"column":1}},"line":1}},"branchMap":{"0":{"loc":{"start":{"line":2,"column":4},"end":{"line":2,"column":72}},"type":"if","locations":[{"start":{"line":2,"column":4},"end":{"line":2,"column":72}},{"start":{},"end":{}}],"line":2}},"s":{"0":1,"1":0,"2":0,"3":0},"f":{"0":0},"b":{"0":[0,0]},"_coverageSchema":"1a1c01bbd47fc00a2c39e90264f33305004495a9","hash":"e801a8c7d830c845669dfecc4d94a2cdf764cd54"}
,"D:\\course-exc\\Node-Express-exc\\vidly-backend\\vidly-backend-src\\middleware\\async.js": {"path":"D:\\course-exc\\Node-Express-exc\\vidly-backend\\vidly-backend-src\\middleware\\async.js","statementMap":{"0":{"start":{"line":2,"column":0},"end":{"line":10,"column":1}},"1":{"start":{"line":3,"column":4},"end":{"line":9,"column":6}},"2":{"start":{"line":4,"column":8},"end":{"line":8,"column":9}},"3":{"start":{"line":5,"column":12},"end":{"line":5,"column":36}},"4":{"start":{"line":7,"column":12},"end":{"line":7,"column":21}}},"fnMap":{"0":{"name":"(anonymous_0)","decl":{"start":{"line":2,"column":17},"end":{"line":2,"column":18}},"loc":{"start":{"line":2,"column":36},"end":{"line":10,"column":1}},"line":2},"1":{"name":"(anonymous_1)","decl":{"start":{"line":3,"column":11},"end":{"line":3,"column":12}},"loc":{"start":{"line":3,"column":37},"end":{"line":9,"column":5}},"line":3}},"branchMap":{},"s":{"0":1,"1":5,"2":2,"3":2,"4":0},"f":{"0":5,"1":2},"b":{},"_coverageSchema":"1a1c01bbd47fc00a2c39e90264f33305004495a9","hash":"6988af2e8063bfbe4406b6077d121b83e8744f77"}
,"D:\\course-exc\\Node-Express-exc\\vidly-backend\\vidly-backend-src\\middleware\\auth.js": {"path":"D:\\course-exc\\Node-Express-exc\\vidly-backend\\vidly-backend-src\\middleware\\auth.js","statementMap":{"0":{"start":{"line":1,"column":12},"end":{"line":1,"column":35}},"1":{"start":{"line":2,"column":15},"end":{"line":2,"column":32}},"2":{"start":{"line":4,"column":0},"end":{"line":15,"column":1}},"3":{"start":{"line":5,"column":18},"end":{"line":5,"column":44}},"4":{"start":{"line":6,"column":4},"end":{"line":6,"column":79}},"5":{"start":{"line":6,"column":15},"end":{"line":6,"column":79}},"6":{"start":{"line":8,"column":4},"end":{"line":14,"column":5}},"7":{"start":{"line":9,"column":24},"end":{"line":9,"column":70}},"8":{"start":{"line":10,"column":8},"end":{"line":10,"column":27}},"9":{"start":{"line":11,"column":8},"end":{"line":11,"column":15}},"10":{"start":{"line":13,"column":8},"end":{"line":13,"column":46}}},"fnMap":{"0":{"name":"(anonymous_0)","decl":{"start":{"line":4,"column":17},"end":{"line":4,"column":18}},"loc":{"start":{"line":4,"column":43},"end":{"line":15,"column":1}},"line":4}},"branchMap":{"0":{"loc":{"start":{"line":6,"column":4},"end":{"line":6,"column":79}},"type":"if","locations":[{"start":{"line":6,"column":4},"end":{"line":6,"column":79}},{"start":{},"end":{}}],"line":6}},"s":{"0":1,"1":1,"2":1,"3":1,"4":1,"5":1,"6":0,"7":0,"8":0,"9":0,"10":0},"f":{"0":1},"b":{"0":[1,0]},"_coverageSchema":"1a1c01bbd47fc00a2c39e90264f33305004495a9","hash":"b2f1d2575298dede81efa8cfef8da5f7b1b42370"}
,"D:\\course-exc\\Node-Express-exc\\vidly-backend\\vidly-backend-src\\middleware\\error.js": {"path":"D:\\course-exc\\Node-Express-exc\\vidly-backend\\vidly-backend-src\\middleware\\error.js","statementMap":{"0":{"start":{"line":1,"column":16},"end":{"line":1,"column":34}},"1":{"start":{"line":3,"column":0},"end":{"line":8,"column":2}},"2":{"start":{"line":4,"column":4},"end":{"line":4,"column":44}},"3":{"start":{"line":5,"column":22},"end":{"line":5,"column":63}},"4":{"start":{"line":6,"column":4},"end":{"line":6,"column":27}},"5":{"start":{"line":7,"column":4},"end":{"line":7,"column":36}}},"fnMap":{"0":{"name":"(anonymous_0)","decl":{"start":{"line":3,"column":17},"end":{"line":3,"column":18}},"loc":{"start":{"line":3,"column":48},"end":{"line":8,"column":1}},"line":3}},"branchMap":{},"s":{"0":1,"1":1,"2":0,"3":0,"4":0,"5":0},"f":{"0":0},"b":{},"_coverageSchema":"1a1c01bbd47fc00a2c39e90264f33305004495a9","hash":"73bbf5f8bf5d3334cfec21f4eb2e7a426b4ed6ef"}
,"D:\\course-exc\\Node-Express-exc\\vidly-backend\\vidly-backend-src\\src\\index.js": {"path":"D:\\course-exc\\Node-Express-exc\\vidly-backend\\vidly-backend-src\\src\\index.js","statementMap":{"0":{"start":{"line":1,"column":16},"end":{"line":1,"column":34}},"1":{"start":{"line":2,"column":12},"end":{"line":2,"column":21}},"2":{"start":{"line":4,"column":0},"end":{"line":4,"column":30}},"3":{"start":{"line":5,"column":0},"end":{"line":5,"column":33}},"4":{"start":{"line":6,"column":0},"end":{"line":6,"column":30}},"5":{"start":{"line":7,"column":0},"end":{"line":7,"column":31}},"6":{"start":{"line":9,"column":13},"end":{"line":9,"column":37}},"7":{"start":{"line":11,"column":15},"end":{"line":13,"column":2}},"8":{"start":{"line":12,"column":4},"end":{"line":12,"column":48}},"9":{"start":{"line":15,"column":0},"end":{"line":15,"column":24}}},"fnMap":{"0":{"name":"(anonymous_0)","decl":{"start":{"line":11,"column":32},"end":{"line":11,"column":33}},"loc":{"start":{"line":11,"column":38},"end":{"line":13,"column":1}},"line":11}},"branchMap":{"0":{"loc":{"start":{"line":9,"column":13},"end":{"line":9,"column":37}},"type":"binary-expr","locations":[{"start":{"line":9,"column":13},"end":{"line":9,"column":29}},{"start":{"line":9,"column":33},"end":{"line":9,"column":37}}],"line":9}},"s":{"0":1,"1":1,"2":1,"3":1,"4":1,"5":1,"6":1,"7":1,"8":1,"9":1},"f":{"0":1},"b":{"0":[1,1]},"_coverageSchema":"1a1c01bbd47fc00a2c39e90264f33305004495a9","hash":"b4835c53c19411fc09300c43e10242478b8230be"}
,"D:\\course-exc\\Node-Express-exc\\vidly-backend\\vidly-backend-src\\src\\db\\customersDb.js": {"path":"D:\\course-exc\\Node-Express-exc\\vidly-backend\\vidly-backend-src\\src\\db\\customersDb.js","statementMap":{"0":{"start":{"line":1,"column":17},"end":{"line":1,"column":36}},"1":{"start":{"line":2,"column":0},"end":{"line":2,"column":35}},"2":{"start":{"line":4,"column":0},"end":{"line":11,"column":7}},"3":{"start":{"line":7,"column":8},"end":{"line":7,"column":52}},"4":{"start":{"line":10,"column":8},"end":{"line":10,"column":70}},"5":{"start":{"line":13,"column":23},"end":{"line":32,"column":2}},"6":{"start":{"line":17,"column":12},"end":{"line":17,"column":30}},"7":{"start":{"line":34,"column":18},"end":{"line":34,"column":61}},"8":{"start":{"line":36,"column":23},"end":{"line":49,"column":1}},"9":{"start":{"line":37,"column":4},"end":{"line":48,"column":5}},"10":{"start":{"line":38,"column":8},"end":{"line":38,"column":55}},"11":{"start":{"line":39,"column":23},"end":{"line":43,"column":10}},"12":{"start":{"line":44,"column":8},"end":{"line":44,"column":22}},"13":{"start":{"line":46,"column":8},"end":{"line":46,"column":61}},"14":{"start":{"line":47,"column":8},"end":{"line":47,"column":19}},"15":{"start":{"line":51,"column":21},"end":{"line":60,"column":1}},"16":{"start":{"line":52,"column":4},"end":{"line":59,"column":5}},"17":{"start":{"line":53,"column":23},"end":{"line":53,"column":59}},"18":{"start":{"line":54,"column":8},"end":{"line":54,"column":49}},"19":{"start":{"line":55,"column":8},"end":{"line":55,"column":22}},"20":{"start":{"line":57,"column":8},"end":{"line":57,"column":78}},"21":{"start":{"line":58,"column":8},"end":{"line":58,"column":19}},"22":{"start":{"line":62,"column":21},"end":{"line":71,"column":1}},"23":{"start":{"line":63,"column":4},"end":{"line":70,"column":5}},"24":{"start":{"line":64,"column":23},"end":{"line":64,"column":45}},"25":{"start":{"line":65,"column":8},"end":{"line":65,"column":49}},"26":{"start":{"line":66,"column":8},"end":{"line":66,"column":22}},"27":{"start":{"line":68,"column":8},"end":{"line":68,"column":78}},"28":{"start":{"line":69,"column":8},"end":{"line":69,"column":19}},"29":{"start":{"line":73,"column":23},"end":{"line":94,"column":1}},"30":{"start":{"line":74,"column":4},"end":{"line":93,"column":5}},"31":{"start":{"line":75,"column":30},"end":{"line":75,"column":32}},"32":{"start":{"line":76,"column":8},"end":{"line":78,"column":9}},"33":{"start":{"line":77,"column":12},"end":{"line":77,"column":49}},"34":{"start":{"line":79,"column":8},"end":{"line":81,"column":11}},"35":{"start":{"line":82,"column":8},"end":{"line":87,"column":10}},"36":{"start":{"line":88,"column":23},"end":{"line":88,"column":59}},"37":{"start":{"line":89,"column":8},"end":{"line":89,"column":22}},"38":{"start":{"line":91,"column":8},"end":{"line":91,"column":80}},"39":{"start":{"line":92,"column":8},"end":{"line":92,"column":19}},"40":{"start":{"line":96,"column":23},"end":{"line":105,"column":1}},"41":{"start":{"line":97,"column":4},"end":{"line":104,"column":5}},"42":{"start":{"line":98,"column":25},"end":{"line":98,"column":61}},"43":{"start":{"line":99,"column":23},"end":{"line":99,"column":61}},"44":{"start":{"line":100,"column":8},"end":{"line":100,"column":24}},"45":{"start":{"line":102,"column":8},"end":{"line":102,"column":80}},"46":{"start":{"line":103,"column":8},"end":{"line":103,"column":19}},"47":{"start":{"line":107,"column":0},"end":{"line":113,"column":2}},"48":{"start":{"line":115,"column":0},"end":{"line":115,"column":37}}},"fnMap":{"0":{"name":"(anonymous_0)","decl":{"start":{"line":6,"column":10},"end":{"line":6,"column":11}},"loc":{"start":{"line":6,"column":16},"end":{"line":8,"column":5}},"line":6},"1":{"name":"(anonymous_1)","decl":{"start":{"line":9,"column":11},"end":{"line":9,"column":12}},"loc":{"start":{"line":9,"column":20},"end":{"line":11,"column":5}},"line":9},"2":{"name":"(anonymous_2)","decl":{"start":{"line":16,"column":13},"end":{"line":16,"column":14}},"loc":{"start":{"line":16,"column":20},"end":{"line":18,"column":9}},"line":16},"3":{"name":"(anonymous_3)","decl":{"start":{"line":36,"column":23},"end":{"line":36,"column":24}},"loc":{"start":{"line":36,"column":43},"end":{"line":49,"column":1}},"line":36},"4":{"name":"(anonymous_4)","decl":{"start":{"line":51,"column":21},"end":{"line":51,"column":22}},"loc":{"start":{"line":51,"column":35},"end":{"line":60,"column":1}},"line":51},"5":{"name":"(anonymous_5)","decl":{"start":{"line":62,"column":21},"end":{"line":62,"column":22}},"loc":{"start":{"line":62,"column":33},"end":{"line":71,"column":1}},"line":62},"6":{"name":"(anonymous_6)","decl":{"start":{"line":73,"column":23},"end":{"line":73,"column":24}},"loc":{"start":{"line":73,"column":47},"end":{"line":94,"column":1}},"line":73},"7":{"name":"(anonymous_7)","decl":{"start":{"line":96,"column":23},"end":{"line":96,"column":24}},"loc":{"start":{"line":96,"column":37},"end":{"line":105,"column":1}},"line":96}},"branchMap":{"0":{"loc":{"start":{"line":17,"column":19},"end":{"line":17,"column":29}},"type":"binary-expr","locations":[{"start":{"line":17,"column":19},"end":{"line":17,"column":20}},{"start":{"line":17,"column":24},"end":{"line":17,"column":29}}],"line":17}},"s":{"0":1,"1":1,"2":1,"3":1,"4":0,"5":1,"6":0,"7":1,"8":1,"9":0,"10":0,"11":0,"12":0,"13":0,"14":0,"15":1,"16":0,"17":0,"18":0,"19":0,"20":0,"21":0,"22":1,"23":0,"24":0,"25":0,"26":0,"27":0,"28":0,"29":1,"30":0,"31":0,"32":0,"33":0,"34":0,"35":0,"36":0,"37":0,"38":0,"39":0,"40":1,"41":0,"42":0,"43":0,"44":0,"45":0,"46":0,"47":1,"48":1},"f":{"0":1,"1":0,"2":0,"3":0,"4":0,"5":0,"6":0,"7":0},"b":{"0":[0,0]},"_coverageSchema":"1a1c01bbd47fc00a2c39e90264f33305004495a9","hash":"cade28d67deebb0b3ce9bf3423db03ab992400dd"}
,"D:\\course-exc\\Node-Express-exc\\vidly-backend\\vidly-backend-src\\src\\db\\genresDb.js": {"path":"D:\\course-exc\\Node-Express-exc\\vidly-backend\\vidly-backend-src\\src\\db\\genresDb.js","statementMap":{"0":{"start":{"line":1,"column":17},"end":{"line":1,"column":36}},"1":{"start":{"line":2,"column":0},"end":{"line":2,"column":35}},"2":{"start":{"line":4,"column":0},"end":{"line":11,"column":7}},"3":{"start":{"line":7,"column":8},"end":{"line":7,"column":49}},"4":{"start":{"line":10,"column":8},"end":{"line":10,"column":67}},"5":{"start":{"line":13,"column":21},"end":{"line":20,"column":2}},"6":{"start":{"line":22,"column":15},"end":{"line":22,"column":53}},"7":{"start":{"line":24,"column":20},"end":{"line":34,"column":1}},"8":{"start":{"line":25,"column":4},"end":{"line":33,"column":5}},"9":{"start":{"line":26,"column":23},"end":{"line":28,"column":10}},"10":{"start":{"line":29,"column":8},"end":{"line":29,"column":22}},"11":{"start":{"line":31,"column":8},"end":{"line":31,"column":61}},"12":{"start":{"line":32,"column":8},"end":{"line":32,"column":19}},"13":{"start":{"line":36,"column":18},"end":{"line":45,"column":1}},"14":{"start":{"line":37,"column":4},"end":{"line":44,"column":5}},"15":{"start":{"line":38,"column":23},"end":{"line":38,"column":56}},"16":{"start":{"line":39,"column":8},"end":{"line":39,"column":49}},"17":{"start":{"line":40,"column":8},"end":{"line":40,"column":22}},"18":{"start":{"line":42,"column":8},"end":{"line":42,"column":75}},"19":{"start":{"line":43,"column":8},"end":{"line":43,"column":19}},"20":{"start":{"line":47,"column":18},"end":{"line":56,"column":1}},"21":{"start":{"line":48,"column":4},"end":{"line":55,"column":5}},"22":{"start":{"line":49,"column":23},"end":{"line":49,"column":42}},"23":{"start":{"line":50,"column":8},"end":{"line":50,"column":49}},"24":{"start":{"line":51,"column":8},"end":{"line":51,"column":22}},"25":{"start":{"line":53,"column":8},"end":{"line":53,"column":75}},"26":{"start":{"line":54,"column":8},"end":{"line":54,"column":19}},"27":{"start":{"line":58,"column":20},"end":{"line":67,"column":1}},"28":{"start":{"line":59,"column":4},"end":{"line":66,"column":5}},"29":{"start":{"line":60,"column":8},"end":{"line":60,"column":63}},"30":{"start":{"line":61,"column":23},"end":{"line":61,"column":56}},"31":{"start":{"line":62,"column":8},"end":{"line":62,"column":22}},"32":{"start":{"line":64,"column":8},"end":{"line":64,"column":77}},"33":{"start":{"line":65,"column":8},"end":{"line":65,"column":19}},"34":{"start":{"line":69,"column":20},"end":{"line":78,"column":1}},"35":{"start":{"line":70,"column":4},"end":{"line":77,"column":5}},"36":{"start":{"line":71,"column":22},"end":{"line":71,"column":55}},"37":{"start":{"line":72,"column":8},"end":{"line":72,"column":44}},"38":{"start":{"line":73,"column":8},"end":{"line":73,"column":21}},"39":{"start":{"line":75,"column":8},"end":{"line":75,"column":77}},"40":{"start":{"line":76,"column":8},"end":{"line":76,"column":19}},"41":{"start":{"line":80,"column":0},"end":{"line":86,"column":2}},"42":{"start":{"line":87,"column":0},"end":{"line":87,"column":43}},"43":{"start":{"line":89,"column":0},"end":{"line":89,"column":31}}},"fnMap":{"0":{"name":"(anonymous_0)","decl":{"start":{"line":6,"column":10},"end":{"line":6,"column":11}},"loc":{"start":{"line":6,"column":16},"end":{"line":8,"column":5}},"line":6},"1":{"name":"(anonymous_1)","decl":{"start":{"line":9,"column":11},"end":{"line":9,"column":12}},"loc":{"start":{"line":9,"column":20},"end":{"line":11,"column":5}},"line":9},"2":{"name":"(anonymous_2)","decl":{"start":{"line":24,"column":20},"end":{"line":24,"column":21}},"loc":{"start":{"line":24,"column":41},"end":{"line":34,"column":1}},"line":24},"3":{"name":"(anonymous_3)","decl":{"start":{"line":36,"column":18},"end":{"line":36,"column":19}},"loc":{"start":{"line":36,"column":32},"end":{"line":45,"column":1}},"line":36},"4":{"name":"(anonymous_4)","decl":{"start":{"line":47,"column":18},"end":{"line":47,"column":19}},"loc":{"start":{"line":47,"column":30},"end":{"line":56,"column":1}},"line":47},"5":{"name":"(anonymous_5)","decl":{"start":{"line":58,"column":20},"end":{"line":58,"column":21}},"loc":{"start":{"line":58,"column":43},"end":{"line":67,"column":1}},"line":58},"6":{"name":"(anonymous_6)","decl":{"start":{"line":69,"column":20},"end":{"line":69,"column":21}},"loc":{"start":{"line":69,"column":34},"end":{"line":78,"column":1}},"line":69}},"branchMap":{},"s":{"0":1,"1":1,"2":1,"3":1,"4":0,"5":1,"6":1,"7":1,"8":0,"9":0,"10":0,"11":0,"12":0,"13":1,"14":1,"15":1,"16":0,"17":0,"18":1,"19":1,"20":1,"21":1,"22":1,"23":1,"24":1,"25":0,"26":0,"27":1,"28":0,"29":0,"30":0,"31":0,"32":0,"33":0,"34":1,"35":0,"36":0,"37":0,"38":0,"39":0,"40":0,"41":1,"42":1,"43":1},"f":{"0":1,"1":0,"2":0,"3":1,"4":1,"5":0,"6":0},"b":{},"_coverageSchema":"1a1c01bbd47fc00a2c39e90264f33305004495a9","hash":"7b48c80a5e1f0b3f74aad48830fade8a901563fb"}
,"D:\\course-exc\\Node-Express-exc\\vidly-backend\\vidly-backend-src\\src\\db\\moviesDb.js": {"path":"D:\\course-exc\\Node-Express-exc\\vidly-backend\\vidly-backend-src\\src\\db\\moviesDb.js","statementMap":{"0":{"start":{"line":1,"column":17},"end":{"line":1,"column":36}},"1":{"start":{"line":2,"column":0},"end":{"line":2,"column":35}},"2":{"start":{"line":3,"column":21},"end":{"line":3,"column":59}},"3":{"start":{"line":4,"column":22},"end":{"line":4,"column":55}},"4":{"start":{"line":6,"column":0},"end":{"line":13,"column":7}},"5":{"start":{"line":9,"column":8},"end":{"line":9,"column":49}},"6":{"start":{"line":12,"column":8},"end":{"line":12,"column":67}},"7":{"start":{"line":15,"column":20},"end":{"line":37,"column":2}},"8":{"start":{"line":27,"column":12},"end":{"line":27,"column":26}},"9":{"start":{"line":34,"column":12},"end":{"line":34,"column":26}},"10":{"start":{"line":39,"column":15},"end":{"line":39,"column":52}},"11":{"start":{"line":41,"column":20},"end":{"line":61,"column":1}},"12":{"start":{"line":47,"column":4},"end":{"line":60,"column":5}},"13":{"start":{"line":48,"column":22},"end":{"line":48,"column":50}},"14":{"start":{"line":49,"column":8},"end":{"line":49,"column":49}},"15":{"start":{"line":50,"column":23},"end":{"line":55,"column":10}},"16":{"start":{"line":56,"column":8},"end":{"line":56,"column":22}},"17":{"start":{"line":58,"column":8},"end":{"line":58,"column":61}},"18":{"start":{"line":59,"column":8},"end":{"line":59,"column":19}},"19":{"start":{"line":63,"column":18},"end":{"line":72,"column":1}},"20":{"start":{"line":64,"column":4},"end":{"line":71,"column":5}},"21":{"start":{"line":65,"column":23},"end":{"line":65,"column":56}},"22":{"start":{"line":66,"column":8},"end":{"line":66,"column":49}},"23":{"start":{"line":67,"column":8},"end":{"line":67,"column":22}},"24":{"start":{"line":69,"column":8},"end":{"line":69,"column":75}},"25":{"start":{"line":70,"column":8},"end":{"line":70,"column":19}},"26":{"start":{"line":74,"column":18},"end":{"line":83,"column":1}},"27":{"start":{"line":75,"column":4},"end":{"line":82,"column":5}},"28":{"start":{"line":76,"column":23},"end":{"line":76,"column":42}},"29":{"start":{"line":77,"column":8},"end":{"line":77,"column":49}},"30":{"start":{"line":78,"column":8},"end":{"line":78,"column":22}},"31":{"start":{"line":80,"column":8},"end":{"line":80,"column":75}},"32":{"start":{"line":81,"column":8},"end":{"line":81,"column":19}},"33":{"start":{"line":85,"column":20},"end":{"line":109,"column":1}},"34":{"start":{"line":86,"column":4},"end":{"line":108,"column":5}},"35":{"start":{"line":87,"column":27},"end":{"line":87,"column":29}},"36":{"start":{"line":88,"column":8},"end":{"line":90,"column":9}},"37":{"start":{"line":89,"column":12},"end":{"line":89,"column":43}},"38":{"start":{"line":91,"column":8},"end":{"line":93,"column":11}},"39":{"start":{"line":94,"column":8},"end":{"line":96,"column":9}},"40":{"start":{"line":95,"column":12},"end":{"line":95,"column":62}},"41":{"start":{"line":97,"column":8},"end":{"line":102,"column":10}},"42":{"start":{"line":103,"column":23},"end":{"line":103,"column":56}},"43":{"start":{"line":104,"column":8},"end":{"line":104,"column":22}},"44":{"start":{"line":106,"column":8},"end":{"line":106,"column":77}},"45":{"start":{"line":107,"column":8},"end":{"line":107,"column":19}},"46":{"start":{"line":111,"column":20},"end":{"line":120,"column":1}},"47":{"start":{"line":112,"column":4},"end":{"line":119,"column":5}},"48":{"start":{"line":113,"column":22},"end":{"line":113,"column":55}},"49":{"start":{"line":114,"column":23},"end":{"line":114,"column":58}},"50":{"start":{"line":115,"column":8},"end":{"line":115,"column":21}},"51":{"start":{"line":117,"column":8},"end":{"line":117,"column":77}},"52":{"start":{"line":118,"column":8},"end":{"line":118,"column":19}},"53":{"start":{"line":122,"column":0},"end":{"line":128,"column":2}},"54":{"start":{"line":130,"column":0},"end":{"line":130,"column":31}}},"fnMap":{"0":{"name":"(anonymous_0)","decl":{"start":{"line":8,"column":10},"end":{"line":8,"column":11}},"loc":{"start":{"line":8,"column":16},"end":{"line":10,"column":5}},"line":8},"1":{"name":"(anonymous_1)","decl":{"start":{"line":11,"column":11},"end":{"line":11,"column":12}},"loc":{"start":{"line":11,"column":20},"end":{"line":13,"column":5}},"line":11},"2":{"name":"(anonymous_2)","decl":{"start":{"line":26,"column":13},"end":{"line":26,"column":14}},"loc":{"start":{"line":26,"column":20},"end":{"line":28,"column":9}},"line":26},"3":{"name":"(anonymous_3)","decl":{"start":{"line":33,"column":13},"end":{"line":33,"column":14}},"loc":{"start":{"line":33,"column":20},"end":{"line":35,"column":9}},"line":33},"4":{"name":"(anonymous_4)","decl":{"start":{"line":41,"column":20},"end":{"line":41,"column":21}},"loc":{"start":{"line":41,"column":37},"end":{"line":61,"column":1}},"line":41},"5":{"name":"(anonymous_5)","decl":{"start":{"line":63,"column":18},"end":{"line":63,"column":19}},"loc":{"start":{"line":63,"column":32},"end":{"line":72,"column":1}},"line":63},"6":{"name":"(anonymous_6)","decl":{"start":{"line":74,"column":18},"end":{"line":74,"column":19}},"loc":{"start":{"line":74,"column":30},"end":{"line":83,"column":1}},"line":74},"7":{"name":"(anonymous_7)","decl":{"start":{"line":85,"column":20},"end":{"line":85,"column":21}},"loc":{"start":{"line":85,"column":41},"end":{"line":109,"column":1}},"line":85},"8":{"name":"(anonymous_8)","decl":{"start":{"line":111,"column":20},"end":{"line":111,"column":21}},"loc":{"start":{"line":111,"column":34},"end":{"line":120,"column":1}},"line":111}},"branchMap":{"0":{"loc":{"start":{"line":27,"column":19},"end":{"line":27,"column":25}},"type":"binary-expr","locations":[{"start":{"line":27,"column":19},"end":{"line":27,"column":20}},{"start":{"line":27,"column":24},"end":{"line":27,"column":25}}],"line":27},"1":{"loc":{"start":{"line":34,"column":19},"end":{"line":34,"column":25}},"type":"binary-expr","locations":[{"start":{"line":34,"column":19},"end":{"line":34,"column":20}},{"start":{"line":34,"column":24},"end":{"line":34,"column":25}}],"line":34},"2":{"loc":{"start":{"line":94,"column":8},"end":{"line":96,"column":9}},"type":"if","locations":[{"start":{"line":94,"column":8},"end":{"line":96,"column":9}},{"start":{},"end":{}}],"line":94}},"s":{"0":1,"1":1,"2":1,"3":1,"4":1,"5":1,"6":0,"7":1,"8":0,"9":0,"10":1,"11":1,"12":0,"13":0,"14":0,"15":0,"16":0,"17":0,"18":0,"19":1,"20":0,"21":0,"22":0,"23":0,"24":0,"25":0,"26":1,"27":0,"28":0,"29":0,"30":0,"31":0,"32":0,"33":1,"34":0,"35":0,"36":0,"37":0,"38":0,"39":0,"40":0,"41":0,"42":0,"43":0,"44":0,"45":0,"46":1,"47":0,"48":0,"49":0,"50":0,"51":0,"52":0,"53":1,"54":1},"f":{"0":1,"1":0,"2":0,"3":0,"4":0,"5":0,"6":0,"7":0,"8":0},"b":{"0":[0,0],"1":[0,0],"2":[0,0]},"_coverageSchema":"1a1c01bbd47fc00a2c39e90264f33305004495a9","hash":"da9818839ac6dd9611fcec0099659c1e537ccdc4"}
,"D:\\course-exc\\Node-Express-exc\\vidly-backend\\vidly-backend-src\\src\\db\\usersDb.js": {"path":"D:\\course-exc\\Node-Express-exc\\vidly-backend\\vidly-backend-src\\src\\db\\usersDb.js","statementMap":{"0":{"start":{"line":1,"column":15},"end":{"line":1,"column":32}},"1":{"start":{"line":2,"column":12},"end":{"line":2,"column":35}},"2":{"start":{"line":4,"column":17},"end":{"line":4,"column":36}},"3":{"start":{"line":5,"column":0},"end":{"line":5,"column":35}},"4":{"start":{"line":7,"column":0},"end":{"line":14,"column":7}},"5":{"start":{"line":10,"column":8},"end":{"line":10,"column":48}},"6":{"start":{"line":13,"column":8},"end":{"line":13,"column":66}},"7":{"start":{"line":16,"column":19},"end":{"line":39,"column":2}},"8":{"start":{"line":41,"column":0},"end":{"line":44,"column":1}},"9":{"start":{"line":42,"column":18},"end":{"line":42,"column":95}},"10":{"start":{"line":43,"column":4},"end":{"line":43,"column":17}},"11":{"start":{"line":46,"column":14},"end":{"line":46,"column":49}},"12":{"start":{"line":48,"column":19},"end":{"line":61,"column":1}},"13":{"start":{"line":49,"column":4},"end":{"line":60,"column":5}},"14":{"start":{"line":50,"column":8},"end":{"line":50,"column":51}},"15":{"start":{"line":51,"column":23},"end":{"line":55,"column":10}},"16":{"start":{"line":56,"column":8},"end":{"line":56,"column":22}},"17":{"start":{"line":58,"column":8},"end":{"line":58,"column":61}},"18":{"start":{"line":59,"column":8},"end":{"line":59,"column":19}},"19":{"start":{"line":63,"column":17},"end":{"line":72,"column":1}},"20":{"start":{"line":64,"column":4},"end":{"line":71,"column":5}},"21":{"start":{"line":65,"column":23},"end":{"line":65,"column":55}},"22":{"start":{"line":66,"column":8},"end":{"line":66,"column":49}},"23":{"start":{"line":67,"column":8},"end":{"line":67,"column":22}},"24":{"start":{"line":69,"column":8},"end":{"line":69,"column":78}},"25":{"start":{"line":70,"column":8},"end":{"line":70,"column":19}},"26":{"start":{"line":74,"column":17},"end":{"line":83,"column":1}},"27":{"start":{"line":75,"column":4},"end":{"line":82,"column":5}},"28":{"start":{"line":76,"column":23},"end":{"line":76,"column":41}},"29":{"start":{"line":77,"column":8},"end":{"line":77,"column":49}},"30":{"start":{"line":78,"column":8},"end":{"line":78,"column":22}},"31":{"start":{"line":80,"column":8},"end":{"line":80,"column":78}},"32":{"start":{"line":81,"column":8},"end":{"line":81,"column":19}},"33":{"start":{"line":85,"column":19},"end":{"line":106,"column":1}},"34":{"start":{"line":86,"column":4},"end":{"line":105,"column":5}},"35":{"start":{"line":87,"column":26},"end":{"line":87,"column":28}},"36":{"start":{"line":88,"column":8},"end":{"line":90,"column":9}},"37":{"start":{"line":89,"column":12},"end":{"line":89,"column":41}},"38":{"start":{"line":91,"column":8},"end":{"line":93,"column":11}},"39":{"start":{"line":94,"column":8},"end":{"line":99,"column":10}},"40":{"start":{"line":100,"column":23},"end":{"line":100,"column":55}},"41":{"start":{"line":101,"column":8},"end":{"line":101,"column":22}},"42":{"start":{"line":103,"column":8},"end":{"line":103,"column":80}},"43":{"start":{"line":104,"column":8},"end":{"line":104,"column":19}},"44":{"start":{"line":108,"column":19},"end":{"line":117,"column":1}},"45":{"start":{"line":109,"column":4},"end":{"line":116,"column":5}},"46":{"start":{"line":110,"column":21},"end":{"line":110,"column":53}},"47":{"start":{"line":111,"column":23},"end":{"line":111,"column":57}},"48":{"start":{"line":112,"column":8},"end":{"line":112,"column":20}},"49":{"start":{"line":114,"column":8},"end":{"line":114,"column":80}},"50":{"start":{"line":115,"column":8},"end":{"line":115,"column":19}},"51":{"start":{"line":119,"column":0},"end":{"line":125,"column":2}},"52":{"start":{"line":127,"column":0},"end":{"line":127,"column":29}}},"fnMap":{"0":{"name":"(anonymous_0)","decl":{"start":{"line":9,"column":10},"end":{"line":9,"column":11}},"loc":{"start":{"line":9,"column":16},"end":{"line":11,"column":5}},"line":9},"1":{"name":"(anonymous_1)","decl":{"start":{"line":12,"column":11},"end":{"line":12,"column":12}},"loc":{"start":{"line":12,"column":20},"end":{"line":14,"column":5}},"line":12},"2":{"name":"(anonymous_2)","decl":{"start":{"line":41,"column":39},"end":{"line":41,"column":40}},"loc":{"start":{"line":41,"column":50},"end":{"line":44,"column":1}},"line":41},"3":{"name":"(anonymous_3)","decl":{"start":{"line":48,"column":19},"end":{"line":48,"column":20}},"loc":{"start":{"line":48,"column":35},"end":{"line":61,"column":1}},"line":48},"4":{"name":"(anonymous_4)","decl":{"start":{"line":63,"column":17},"end":{"line":63,"column":18}},"loc":{"start":{"line":63,"column":31},"end":{"line":72,"column":1}},"line":63},"5":{"name":"(anonymous_5)","decl":{"start":{"line":74,"column":17},"end":{"line":74,"column":18}},"loc":{"start":{"line":74,"column":29},"end":{"line":83,"column":1}},"line":74},"6":{"name":"(anonymous_6)","decl":{"start":{"line":85,"column":19},"end":{"line":85,"column":20}},"loc":{"start":{"line":85,"column":39},"end":{"line":106,"column":1}},"line":85},"7":{"name":"(anonymous_7)","decl":{"start":{"line":108,"column":19},"end":{"line":108,"column":20}},"loc":{"start":{"line":108,"column":33},"end":{"line":117,"column":1}},"line":108}},"branchMap":{},"s":{"0":1,"1":1,"2":1,"3":1,"4":1,"5":1,"6":0,"7":1,"8":1,"9":0,"10":0,"11":1,"12":1,"13":0,"14":0,"15":0,"16":0,"17":0,"18":0,"19":1,"20":0,"21":0,"22":0,"23":0,"24":0,"25":0,"26":1,"27":0,"28":0,"29":0,"30":0,"31":0,"32":0,"33":1,"34":0,"35":0,"36":0,"37":0,"38":0,"39":0,"40":0,"41":0,"42":0,"43":0,"44":1,"45":0,"46":0,"47":0,"48":0,"49":0,"50":0,"51":1,"52":1},"f":{"0":1,"1":0,"2":0,"3":0,"4":0,"5":0,"6":0,"7":0},"b":{},"_coverageSchema":"1a1c01bbd47fc00a2c39e90264f33305004495a9","hash":"12f960f9be432e514f35507f9841f2e40906319c"}
,"D:\\course-exc\\Node-Express-exc\\vidly-backend\\vidly-backend-src\\src\\routes\\auth.js": {"path":"D:\\course-exc\\Node-Express-exc\\vidly-backend\\vidly-backend-src\\src\\routes\\auth.js","statementMap":{"0":{"start":{"line":1,"column":15},"end":{"line":1,"column":32}},"1":{"start":{"line":2,"column":12},"end":{"line":2,"column":26}},"2":{"start":{"line":3,"column":10},"end":{"line":3,"column":27}},"3":{"start":{"line":4,"column":16},"end":{"line":4,"column":34}},"4":{"start":{"line":5,"column":15},"end":{"line":5,"column":31}},"5":{"start":{"line":8,"column":4},"end":{"line":8,"column":36}},"6":{"start":{"line":10,"column":14},"end":{"line":10,"column":44}},"7":{"start":{"line":12,"column":17},"end":{"line":19,"column":1}},"8":{"start":{"line":13,"column":19},"end":{"line":16,"column":6}},"9":{"start":{"line":18,"column":4},"end":{"line":18,"column":32}},"10":{"start":{"line":21,"column":0},"end":{"line":31,"column":3}},"11":{"start":{"line":22,"column":4},"end":{"line":30,"column":5}},"12":{"start":{"line":23,"column":23},"end":{"line":23,"column":39}},"13":{"start":{"line":24,"column":8},"end":{"line":24,"column":47}},"14":{"start":{"line":25,"column":8},"end":{"line":25,"column":25}},"15":{"start":{"line":27,"column":26},"end":{"line":27,"column":66}},"16":{"start":{"line":28,"column":8},"end":{"line":28,"column":31}},"17":{"start":{"line":29,"column":8},"end":{"line":29,"column":28}},"18":{"start":{"line":33,"column":0},"end":{"line":56,"column":3}},"19":{"start":{"line":34,"column":22},"end":{"line":34,"column":40}},"20":{"start":{"line":35,"column":4},"end":{"line":35,"column":69}},"21":{"start":{"line":35,"column":15},"end":{"line":35,"column":69}},"22":{"start":{"line":37,"column":15},"end":{"line":37,"column":61}},"23":{"start":{"line":38,"column":4},"end":{"line":38,"column":72}},"24":{"start":{"line":38,"column":15},"end":{"line":38,"column":72}},"25":{"start":{"line":40,"column":26},"end":{"line":40,"column":80}},"26":{"start":{"line":41,"column":4},"end":{"line":41,"column":80}},"27":{"start":{"line":41,"column":23},"end":{"line":41,"column":80}},"28":{"start":{"line":43,"column":18},"end":{"line":43,"column":42}},"29":{"start":{"line":45,"column":4},"end":{"line":45,"column":20}},"30":{"start":{"line":58,"column":0},"end":{"line":69,"column":3}},"31":{"start":{"line":59,"column":4},"end":{"line":68,"column":5}},"32":{"start":{"line":60,"column":25},"end":{"line":60,"column":54}},"33":{"start":{"line":61,"column":8},"end":{"line":62,"column":71}},"34":{"start":{"line":62,"column":12},"end":{"line":62,"column":71}},"35":{"start":{"line":63,"column":8},"end":{"line":63,"column":27}},"36":{"start":{"line":65,"column":26},"end":{"line":65,"column":61}},"37":{"start":{"line":66,"column":8},"end":{"line":66,"column":31}},"38":{"start":{"line":67,"column":8},"end":{"line":67,"column":28}},"39":{"start":{"line":71,"column":0},"end":{"line":86,"column":3}},"40":{"start":{"line":72,"column":4},"end":{"line":85,"column":5}},"41":{"start":{"line":73,"column":26},"end":{"line":73,"column":48}},"42":{"start":{"line":74,"column":8},"end":{"line":74,"column":73}},"43":{"start":{"line":74,"column":19},"end":{"line":74,"column":73}},"44":{"start":{"line":76,"column":23},"end":{"line":76,"column":64}},"45":{"start":{"line":78,"column":8},"end":{"line":78,"column":80}},"46":{"start":{"line":78,"column":21},"end":{"line":78,"column":80}},"47":{"start":{"line":80,"column":8},"end":{"line":80,"column":25}},"48":{"start":{"line":82,"column":26},"end":{"line":82,"column":61}},"49":{"start":{"line":83,"column":8},"end":{"line":83,"column":31}},"50":{"start":{"line":84,"column":8},"end":{"line":84,"column":28}},"51":{"start":{"line":88,"column":0},"end":{"line":98,"column":3}},"52":{"start":{"line":89,"column":4},"end":{"line":97,"column":5}},"53":{"start":{"line":90,"column":21},"end":{"line":90,"column":52}},"54":{"start":{"line":91,"column":8},"end":{"line":91,"column":78}},"55":{"start":{"line":91,"column":19},"end":{"line":91,"column":78}},"56":{"start":{"line":92,"column":8},"end":{"line":92,"column":23}},"57":{"start":{"line":94,"column":26},"end":{"line":94,"column":61}},"58":{"start":{"line":95,"column":8},"end":{"line":95,"column":31}},"59":{"start":{"line":96,"column":8},"end":{"line":96,"column":28}},"60":{"start":{"line":100,"column":0},"end":{"line":100,"column":24}}},"fnMap":{"0":{"name":"(anonymous_0)","decl":{"start":{"line":12,"column":17},"end":{"line":12,"column":18}},"loc":{"start":{"line":12,"column":26},"end":{"line":19,"column":1}},"line":12},"1":{"name":"(anonymous_1)","decl":{"start":{"line":21,"column":16},"end":{"line":21,"column":17}},"loc":{"start":{"line":21,"column":36},"end":{"line":31,"column":1}},"line":21},"2":{"name":"(anonymous_2)","decl":{"start":{"line":33,"column":17},"end":{"line":33,"column":18}},"loc":{"start":{"line":33,"column":37},"end":{"line":56,"column":1}},"line":33},"3":{"name":"(anonymous_3)","decl":{"start":{"line":58,"column":19},"end":{"line":58,"column":20}},"loc":{"start":{"line":58,"column":39},"end":{"line":69,"column":1}},"line":58},"4":{"name":"(anonymous_4)","decl":{"start":{"line":71,"column":19},"end":{"line":71,"column":20}},"loc":{"start":{"line":71,"column":39},"end":{"line":86,"column":1}},"line":71},"5":{"name":"(anonymous_5)","decl":{"start":{"line":88,"column":22},"end":{"line":88,"column":23}},"loc":{"start":{"line":88,"column":42},"end":{"line":98,"column":1}},"line":88}},"branchMap":{"0":{"loc":{"start":{"line":35,"column":4},"end":{"line":35,"column":69}},"type":"if","locations":[{"start":{"line":35,"column":4},"end":{"line":35,"column":69}},{"start":{},"end":{}}],"line":35},"1":{"loc":{"start":{"line":38,"column":4},"end":{"line":38,"column":72}},"type":"if","locations":[{"start":{"line":38,"column":4},"end":{"line":38,"column":72}},{"start":{},"end":{}}],"line":38},"2":{"loc":{"start":{"line":41,"column":4},"end":{"line":41,"column":80}},"type":"if","locations":[{"start":{"line":41,"column":4},"end":{"line":41,"column":80}},{"start":{},"end":{}}],"line":41},"3":{"loc":{"start":{"line":61,"column":8},"end":{"line":62,"column":71}},"type":"if","locations":[{"start":{"line":61,"column":8},"end":{"line":62,"column":71}},{"start":{},"end":{}}],"line":61},"4":{"loc":{"start":{"line":74,"column":8},"end":{"line":74,"column":73}},"type":"if","locations":[{"start":{"line":74,"column":8},"end":{"line":74,"column":73}},{"start":{},"end":{}}],"line":74},"5":{"loc":{"start":{"line":78,"column":8},"end":{"line":78,"column":80}},"type":"if","locations":[{"start":{"line":78,"column":8},"end":{"line":78,"column":80}},{"start":{},"end":{}}],"line":78},"6":{"loc":{"start":{"line":91,"column":8},"end":{"line":91,"column":78}},"type":"if","locations":[{"start":{"line":91,"column":8},"end":{"line":91,"column":78}},{"start":{},"end":{}}],"line":91}},"s":{"0":1,"1":1,"2":1,"3":1,"4":1,"5":1,"6":1,"7":1,"8":0,"9":0,"10":1,"11":0,"12":0,"13":0,"14":0,"15":0,"16":0,"17":0,"18":1,"19":0,"20":0,"21":0,"22":0,"23":0,"24":0,"25":0,"26":0,"27":0,"28":0,"29":0,"30":1,"31":0,"32":0,"33":0,"34":0,"35":0,"36":0,"37":0,"38":0,"39":1,"40":0,"41":0,"42":0,"43":0,"44":0,"45":0,"46":0,"47":0,"48":0,"49":0,"50":0,"51":1,"52":0,"53":0,"54":0,"55":0,"56":0,"57":0,"58":0,"59":0,"60":1},"f":{"0":0,"1":0,"2":0,"3":0,"4":0,"5":0},"b":{"0":[0,0],"1":[0,0],"2":[0,0],"3":[0,0],"4":[0,0],"5":[0,0],"6":[0,0]},"_coverageSchema":"1a1c01bbd47fc00a2c39e90264f33305004495a9","hash":"aee538ca31efb8c1d96f3f482ed07265edbe8c00"}
,"D:\\course-exc\\Node-Express-exc\\vidly-backend\\vidly-backend-src\\src\\routes\\customers.js": {"path":"D:\\course-exc\\Node-Express-exc\\vidly-backend\\vidly-backend-src\\src\\routes\\customers.js","statementMap":{"0":{"start":{"line":1,"column":13},"end":{"line":1,"column":45}},"1":{"start":{"line":2,"column":12},"end":{"line":2,"column":26}},"2":{"start":{"line":3,"column":16},"end":{"line":3,"column":34}},"3":{"start":{"line":4,"column":15},"end":{"line":4,"column":31}},"4":{"start":{"line":12,"column":4},"end":{"line":12,"column":40}},"5":{"start":{"line":14,"column":25},"end":{"line":22,"column":1}},"6":{"start":{"line":15,"column":19},"end":{"line":19,"column":6}},"7":{"start":{"line":21,"column":4},"end":{"line":21,"column":37}},"8":{"start":{"line":24,"column":0},"end":{"line":34,"column":3}},"9":{"start":{"line":25,"column":4},"end":{"line":33,"column":5}},"10":{"start":{"line":26,"column":23},"end":{"line":26,"column":43}},"11":{"start":{"line":27,"column":8},"end":{"line":27,"column":47}},"12":{"start":{"line":28,"column":8},"end":{"line":28,"column":25}},"13":{"start":{"line":30,"column":26},"end":{"line":30,"column":70}},"14":{"start":{"line":31,"column":8},"end":{"line":31,"column":31}},"15":{"start":{"line":32,"column":8},"end":{"line":32,"column":28}},"16":{"start":{"line":36,"column":0},"end":{"line":58,"column":3}},"17":{"start":{"line":37,"column":22},"end":{"line":37,"column":48}},"18":{"start":{"line":38,"column":4},"end":{"line":38,"column":69}},"19":{"start":{"line":38,"column":15},"end":{"line":38,"column":69}},"20":{"start":{"line":40,"column":26},"end":{"line":40,"column":28}},"21":{"start":{"line":41,"column":4},"end":{"line":43,"column":5}},"22":{"start":{"line":42,"column":8},"end":{"line":42,"column":45}},"23":{"start":{"line":45,"column":24},"end":{"line":47,"column":5}},"24":{"start":{"line":49,"column":4},"end":{"line":57,"column":5}},"25":{"start":{"line":50,"column":23},"end":{"line":50,"column":56}},"26":{"start":{"line":51,"column":8},"end":{"line":51,"column":47}},"27":{"start":{"line":52,"column":8},"end":{"line":52,"column":25}},"28":{"start":{"line":54,"column":26},"end":{"line":54,"column":71}},"29":{"start":{"line":55,"column":8},"end":{"line":55,"column":31}},"30":{"start":{"line":56,"column":8},"end":{"line":56,"column":28}},"31":{"start":{"line":60,"column":0},"end":{"line":71,"column":3}},"32":{"start":{"line":61,"column":4},"end":{"line":70,"column":5}},"33":{"start":{"line":62,"column":25},"end":{"line":62,"column":58}},"34":{"start":{"line":63,"column":8},"end":{"line":64,"column":75}},"35":{"start":{"line":64,"column":12},"end":{"line":64,"column":75}},"36":{"start":{"line":65,"column":8},"end":{"line":65,"column":27}},"37":{"start":{"line":67,"column":26},"end":{"line":67,"column":65}},"38":{"start":{"line":68,"column":8},"end":{"line":68,"column":31}},"39":{"start":{"line":69,"column":8},"end":{"line":69,"column":28}},"40":{"start":{"line":73,"column":0},"end":{"line":89,"column":3}},"41":{"start":{"line":74,"column":4},"end":{"line":88,"column":5}},"42":{"start":{"line":75,"column":26},"end":{"line":75,"column":52}},"43":{"start":{"line":76,"column":8},"end":{"line":76,"column":73}},"44":{"start":{"line":76,"column":19},"end":{"line":76,"column":73}},"45":{"start":{"line":78,"column":23},"end":{"line":78,"column":68}},"46":{"start":{"line":80,"column":8},"end":{"line":81,"column":75}},"47":{"start":{"line":81,"column":12},"end":{"line":81,"column":75}},"48":{"start":{"line":83,"column":8},"end":{"line":83,"column":25}},"49":{"start":{"line":85,"column":26},"end":{"line":85,"column":65}},"50":{"start":{"line":86,"column":8},"end":{"line":86,"column":31}},"51":{"start":{"line":87,"column":8},"end":{"line":87,"column":28}},"52":{"start":{"line":91,"column":0},"end":{"line":102,"column":3}},"53":{"start":{"line":92,"column":4},"end":{"line":101,"column":5}},"54":{"start":{"line":93,"column":25},"end":{"line":93,"column":60}},"55":{"start":{"line":94,"column":8},"end":{"line":95,"column":75}},"56":{"start":{"line":95,"column":12},"end":{"line":95,"column":75}},"57":{"start":{"line":96,"column":8},"end":{"line":96,"column":27}},"58":{"start":{"line":98,"column":26},"end":{"line":98,"column":65}},"59":{"start":{"line":99,"column":8},"end":{"line":99,"column":31}},"60":{"start":{"line":100,"column":8},"end":{"line":100,"column":28}},"61":{"start":{"line":104,"column":0},"end":{"line":104,"column":24}}},"fnMap":{"0":{"name":"(anonymous_0)","decl":{"start":{"line":14,"column":25},"end":{"line":14,"column":26}},"loc":{"start":{"line":14,"column":39},"end":{"line":22,"column":1}},"line":14},"1":{"name":"(anonymous_1)","decl":{"start":{"line":24,"column":16},"end":{"line":24,"column":17}},"loc":{"start":{"line":24,"column":36},"end":{"line":34,"column":1}},"line":24},"2":{"name":"(anonymous_2)","decl":{"start":{"line":36,"column":23},"end":{"line":36,"column":24}},"loc":{"start":{"line":36,"column":43},"end":{"line":58,"column":1}},"line":36},"3":{"name":"(anonymous_3)","decl":{"start":{"line":60,"column":25},"end":{"line":60,"column":26}},"loc":{"start":{"line":60,"column":45},"end":{"line":71,"column":1}},"line":60},"4":{"name":"(anonymous_4)","decl":{"start":{"line":73,"column":25},"end":{"line":73,"column":26}},"loc":{"start":{"line":73,"column":45},"end":{"line":89,"column":1}},"line":73},"5":{"name":"(anonymous_5)","decl":{"start":{"line":91,"column":28},"end":{"line":91,"column":29}},"loc":{"start":{"line":91,"column":48},"end":{"line":102,"column":1}},"line":91}},"branchMap":{"0":{"loc":{"start":{"line":38,"column":4},"end":{"line":38,"column":69}},"type":"if","locations":[{"start":{"line":38,"column":4},"end":{"line":38,"column":69}},{"start":{},"end":{}}],"line":38},"1":{"loc":{"start":{"line":63,"column":8},"end":{"line":64,"column":75}},"type":"if","locations":[{"start":{"line":63,"column":8},"end":{"line":64,"column":75}},{"start":{},"end":{}}],"line":63},"2":{"loc":{"start":{"line":76,"column":8},"end":{"line":76,"column":73}},"type":"if","locations":[{"start":{"line":76,"column":8},"end":{"line":76,"column":73}},{"start":{},"end":{}}],"line":76},"3":{"loc":{"start":{"line":80,"column":8},"end":{"line":81,"column":75}},"type":"if","locations":[{"start":{"line":80,"column":8},"end":{"line":81,"column":75}},{"start":{},"end":{}}],"line":80},"4":{"loc":{"start":{"line":94,"column":8},"end":{"line":95,"column":75}},"type":"if","locations":[{"start":{"line":94,"column":8},"end":{"line":95,"column":75}},{"start":{},"end":{}}],"line":94}},"s":{"0":1,"1":1,"2":1,"3":1,"4":1,"5":1,"6":0,"7":0,"8":1,"9":0,"10":0,"11":0,"12":0,"13":0,"14":0,"15":0,"16":1,"17":0,"18":0,"19":0,"20":0,"21":0,"22":0,"23":0,"24":0,"25":0,"26":0,"27":0,"28":0,"29":0,"30":0,"31":1,"32":0,"33":0,"34":0,"35":0,"36":0,"37":0,"38":0,"39":0,"40":1,"41":0,"42":0,"43":0,"44":0,"45":0,"46":0,"47":0,"48":0,"49":0,"50":0,"51":0,"52":1,"53":0,"54":0,"55":0,"56":0,"57":0,"58":0,"59":0,"60":0,"61":1},"f":{"0":0,"1":0,"2":0,"3":0,"4":0,"5":0},"b":{"0":[0,0],"1":[0,0],"2":[0,0],"3":[0,0],"4":[0,0]},"_coverageSchema":"1a1c01bbd47fc00a2c39e90264f33305004495a9","hash":"9f60ff3e2aaa478f02d3f9a0c9d516bae3c3742a"}
,"D:\\course-exc\\Node-Express-exc\\vidly-backend\\vidly-backend-src\\src\\routes\\genres.js": {"path":"D:\\course-exc\\Node-Express-exc\\vidly-backend\\vidly-backend-src\\src\\routes\\genres.js","statementMap":{"0":{"start":{"line":1,"column":24},"end":{"line":1,"column":57}},"1":{"start":{"line":2,"column":14},"end":{"line":2,"column":47}},"2":{"start":{"line":3,"column":13},"end":{"line":3,"column":45}},"3":{"start":{"line":4,"column":12},"end":{"line":4,"column":26}},"4":{"start":{"line":5,"column":16},"end":{"line":5,"column":34}},"5":{"start":{"line":6,"column":15},"end":{"line":6,"column":31}},"6":{"start":{"line":9,"column":4},"end":{"line":9,"column":37}},"7":{"start":{"line":11,"column":22},"end":{"line":17,"column":1}},"8":{"start":{"line":12,"column":19},"end":{"line":14,"column":6}},"9":{"start":{"line":16,"column":4},"end":{"line":16,"column":34}},"10":{"start":{"line":19,"column":0},"end":{"line":26,"column":2}},"11":{"start":{"line":22,"column":23},"end":{"line":22,"column":40}},"12":{"start":{"line":23,"column":8},"end":{"line":23,"column":47}},"13":{"start":{"line":24,"column":8},"end":{"line":24,"column":25}},"14":{"start":{"line":28,"column":0},"end":{"line":41,"column":2}},"15":{"start":{"line":32,"column":26},"end":{"line":32,"column":49}},"16":{"start":{"line":33,"column":8},"end":{"line":33,"column":73}},"17":{"start":{"line":33,"column":19},"end":{"line":33,"column":73}},"18":{"start":{"line":34,"column":25},"end":{"line":36,"column":9}},"19":{"start":{"line":37,"column":23},"end":{"line":37,"column":55}},"20":{"start":{"line":38,"column":8},"end":{"line":38,"column":47}},"21":{"start":{"line":39,"column":8},"end":{"line":39,"column":25}},"22":{"start":{"line":43,"column":0},"end":{"line":51,"column":2}},"23":{"start":{"line":46,"column":22},"end":{"line":46,"column":52}},"24":{"start":{"line":47,"column":8},"end":{"line":47,"column":39}},"25":{"start":{"line":48,"column":8},"end":{"line":48,"column":80}},"26":{"start":{"line":48,"column":20},"end":{"line":48,"column":80}},"27":{"start":{"line":49,"column":8},"end":{"line":49,"column":24}},"28":{"start":{"line":53,"column":0},"end":{"line":67,"column":2}},"29":{"start":{"line":57,"column":26},"end":{"line":57,"column":49}},"30":{"start":{"line":58,"column":8},"end":{"line":58,"column":73}},"31":{"start":{"line":58,"column":19},"end":{"line":58,"column":73}},"32":{"start":{"line":60,"column":23},"end":{"line":60,"column":70}},"33":{"start":{"line":62,"column":8},"end":{"line":63,"column":72}},"34":{"start":{"line":63,"column":12},"end":{"line":63,"column":72}},"35":{"start":{"line":65,"column":8},"end":{"line":65,"column":25}},"36":{"start":{"line":69,"column":0},"end":{"line":84,"column":2}},"37":{"start":{"line":73,"column":8},"end":{"line":82,"column":9}},"38":{"start":{"line":74,"column":26},"end":{"line":74,"column":58}},"39":{"start":{"line":75,"column":12},"end":{"line":76,"column":76}},"40":{"start":{"line":76,"column":16},"end":{"line":76,"column":76}},"41":{"start":{"line":77,"column":12},"end":{"line":77,"column":28}},"42":{"start":{"line":79,"column":30},"end":{"line":79,"column":66}},"43":{"start":{"line":80,"column":12},"end":{"line":80,"column":35}},"44":{"start":{"line":81,"column":12},"end":{"line":81,"column":32}},"45":{"start":{"line":86,"column":0},"end":{"line":86,"column":24}}},"fnMap":{"0":{"name":"(anonymous_0)","decl":{"start":{"line":11,"column":22},"end":{"line":11,"column":23}},"loc":{"start":{"line":11,"column":33},"end":{"line":17,"column":1}},"line":11},"1":{"name":"(anonymous_1)","decl":{"start":{"line":21,"column":20},"end":{"line":21,"column":21}},"loc":{"start":{"line":21,"column":46},"end":{"line":25,"column":5}},"line":21},"2":{"name":"(anonymous_2)","decl":{"start":{"line":31,"column":20},"end":{"line":31,"column":21}},"loc":{"start":{"line":31,"column":40},"end":{"line":40,"column":5}},"line":31},"3":{"name":"(anonymous_3)","decl":{"start":{"line":45,"column":20},"end":{"line":45,"column":21}},"loc":{"start":{"line":45,"column":40},"end":{"line":50,"column":5}},"line":45},"4":{"name":"(anonymous_4)","decl":{"start":{"line":56,"column":20},"end":{"line":56,"column":21}},"loc":{"start":{"line":56,"column":40},"end":{"line":66,"column":5}},"line":56},"5":{"name":"(anonymous_5)","decl":{"start":{"line":72,"column":20},"end":{"line":72,"column":21}},"loc":{"start":{"line":72,"column":40},"end":{"line":83,"column":5}},"line":72}},"branchMap":{"0":{"loc":{"start":{"line":33,"column":8},"end":{"line":33,"column":73}},"type":"if","locations":[{"start":{"line":33,"column":8},"end":{"line":33,"column":73}},{"start":{},"end":{}}],"line":33},"1":{"loc":{"start":{"line":48,"column":8},"end":{"line":48,"column":80}},"type":"if","locations":[{"start":{"line":48,"column":8},"end":{"line":48,"column":80}},{"start":{},"end":{}}],"line":48},"2":{"loc":{"start":{"line":58,"column":8},"end":{"line":58,"column":73}},"type":"if","locations":[{"start":{"line":58,"column":8},"end":{"line":58,"column":73}},{"start":{},"end":{}}],"line":58},"3":{"loc":{"start":{"line":62,"column":8},"end":{"line":63,"column":72}},"type":"if","locations":[{"start":{"line":62,"column":8},"end":{"line":63,"column":72}},{"start":{},"end":{}}],"line":62},"4":{"loc":{"start":{"line":75,"column":12},"end":{"line":76,"column":76}},"type":"if","locations":[{"start":{"line":75,"column":12},"end":{"line":76,"column":76}},{"start":{},"end":{}}],"line":75}},"s":{"0":1,"1":1,"2":1,"3":1,"4":1,"5":1,"6":1,"7":1,"8":0,"9":0,"10":1,"11":1,"12":1,"13":1,"14":1,"15":0,"16":0,"17":0,"18":0,"19":0,"20":0,"21":0,"22":1,"23":1,"24":1,"25":1,"26":0,"27":1,"28":1,"29":0,"30":0,"31":0,"32":0,"33":0,"34":0,"35":0,"36":1,"37":0,"38":0,"39":0,"40":0,"41":0,"42":0,"43":0,"44":0,"45":1},"f":{"0":0,"1":1,"2":0,"3":1,"4":0,"5":0},"b":{"0":[0,0],"1":[0,1],"2":[0,0],"3":[0,0],"4":[0,0]},"_coverageSchema":"1a1c01bbd47fc00a2c39e90264f33305004495a9","hash":"ac0f3d1ef0c1cfd7d19ba28f902c1081740c91eb"}
,"D:\\course-exc\\Node-Express-exc\\vidly-backend\\vidly-backend-src\\src\\routes\\movies.js": {"path":"D:\\course-exc\\Node-Express-exc\\vidly-backend\\vidly-backend-src\\src\\routes\\movies.js","statementMap":{"0":{"start":{"line":1,"column":13},"end":{"line":1,"column":45}},"1":{"start":{"line":2,"column":12},"end":{"line":2,"column":26}},"2":{"start":{"line":3,"column":16},"end":{"line":3,"column":34}},"3":{"start":{"line":4,"column":15},"end":{"line":4,"column":31}},"4":{"start":{"line":12,"column":4},"end":{"line":12,"column":37}},"5":{"start":{"line":14,"column":22},"end":{"line":35,"column":1}},"6":{"start":{"line":15,"column":25},"end":{"line":20,"column":6}},"7":{"start":{"line":22,"column":19},"end":{"line":27,"column":6}},"8":{"start":{"line":29,"column":4},"end":{"line":31,"column":5}},"9":{"start":{"line":30,"column":8},"end":{"line":30,"column":44}},"10":{"start":{"line":32,"column":4},"end":{"line":32,"column":34}},"11":{"start":{"line":37,"column":0},"end":{"line":47,"column":3}},"12":{"start":{"line":38,"column":4},"end":{"line":46,"column":5}},"13":{"start":{"line":39,"column":23},"end":{"line":39,"column":40}},"14":{"start":{"line":40,"column":8},"end":{"line":40,"column":47}},"15":{"start":{"line":41,"column":8},"end":{"line":41,"column":25}},"16":{"start":{"line":43,"column":26},"end":{"line":43,"column":67}},"17":{"start":{"line":44,"column":8},"end":{"line":44,"column":31}},"18":{"start":{"line":45,"column":8},"end":{"line":45,"column":28}},"19":{"start":{"line":49,"column":0},"end":{"line":71,"column":3}},"20":{"start":{"line":50,"column":22},"end":{"line":50,"column":51}},"21":{"start":{"line":51,"column":4},"end":{"line":51,"column":69}},"22":{"start":{"line":51,"column":15},"end":{"line":51,"column":69}},"23":{"start":{"line":53,"column":23},"end":{"line":53,"column":25}},"24":{"start":{"line":54,"column":4},"end":{"line":56,"column":5}},"25":{"start":{"line":55,"column":8},"end":{"line":55,"column":42}},"26":{"start":{"line":58,"column":21},"end":{"line":60,"column":5}},"27":{"start":{"line":62,"column":4},"end":{"line":70,"column":5}},"28":{"start":{"line":63,"column":23},"end":{"line":63,"column":50}},"29":{"start":{"line":64,"column":8},"end":{"line":64,"column":47}},"30":{"start":{"line":65,"column":8},"end":{"line":65,"column":25}},"31":{"start":{"line":67,"column":26},"end":{"line":67,"column":68}},"32":{"start":{"line":68,"column":8},"end":{"line":68,"column":31}},"33":{"start":{"line":69,"column":8},"end":{"line":69,"column":28}},"34":{"start":{"line":73,"column":0},"end":{"line":84,"column":3}},"35":{"start":{"line":74,"column":4},"end":{"line":83,"column":5}},"36":{"start":{"line":75,"column":22},"end":{"line":75,"column":52}},"37":{"start":{"line":76,"column":8},"end":{"line":77,"column":72}},"38":{"start":{"line":77,"column":12},"end":{"line":77,"column":72}},"39":{"start":{"line":78,"column":8},"end":{"line":78,"column":24}},"40":{"start":{"line":80,"column":26},"end":{"line":80,"column":62}},"41":{"start":{"line":81,"column":8},"end":{"line":81,"column":31}},"42":{"start":{"line":82,"column":8},"end":{"line":82,"column":28}},"43":{"start":{"line":86,"column":0},"end":{"line":102,"column":3}},"44":{"start":{"line":87,"column":4},"end":{"line":101,"column":5}},"45":{"start":{"line":88,"column":26},"end":{"line":88,"column":49}},"46":{"start":{"line":89,"column":8},"end":{"line":89,"column":73}},"47":{"start":{"line":89,"column":19},"end":{"line":89,"column":73}},"48":{"start":{"line":91,"column":23},"end":{"line":91,"column":65}},"49":{"start":{"line":93,"column":8},"end":{"line":94,"column":72}},"50":{"start":{"line":94,"column":12},"end":{"line":94,"column":72}},"51":{"start":{"line":96,"column":8},"end":{"line":96,"column":25}},"52":{"start":{"line":98,"column":26},"end":{"line":98,"column":62}},"53":{"start":{"line":99,"column":8},"end":{"line":99,"column":31}},"54":{"start":{"line":100,"column":8},"end":{"line":100,"column":28}},"55":{"start":{"line":104,"column":0},"end":{"line":115,"column":3}},"56":{"start":{"line":105,"column":4},"end":{"line":114,"column":5}},"57":{"start":{"line":106,"column":22},"end":{"line":106,"column":54}},"58":{"start":{"line":107,"column":8},"end":{"line":108,"column":72}},"59":{"start":{"line":108,"column":12},"end":{"line":108,"column":72}},"60":{"start":{"line":109,"column":8},"end":{"line":109,"column":24}},"61":{"start":{"line":111,"column":26},"end":{"line":111,"column":62}},"62":{"start":{"line":112,"column":8},"end":{"line":112,"column":31}},"63":{"start":{"line":113,"column":8},"end":{"line":113,"column":28}},"64":{"start":{"line":117,"column":0},"end":{"line":117,"column":24}}},"fnMap":{"0":{"name":"(anonymous_0)","decl":{"start":{"line":14,"column":22},"end":{"line":14,"column":23}},"loc":{"start":{"line":14,"column":47},"end":{"line":35,"column":1}},"line":14},"1":{"name":"(anonymous_1)","decl":{"start":{"line":37,"column":16},"end":{"line":37,"column":17}},"loc":{"start":{"line":37,"column":36},"end":{"line":47,"column":1}},"line":37},"2":{"name":"(anonymous_2)","decl":{"start":{"line":49,"column":23},"end":{"line":49,"column":24}},"loc":{"start":{"line":49,"column":43},"end":{"line":71,"column":1}},"line":49},"3":{"name":"(anonymous_3)","decl":{"start":{"line":73,"column":25},"end":{"line":73,"column":26}},"loc":{"start":{"line":73,"column":45},"end":{"line":84,"column":1}},"line":73},"4":{"name":"(anonymous_4)","decl":{"start":{"line":86,"column":25},"end":{"line":86,"column":26}},"loc":{"start":{"line":86,"column":45},"end":{"line":102,"column":1}},"line":86},"5":{"name":"(anonymous_5)","decl":{"start":{"line":104,"column":28},"end":{"line":104,"column":29}},"loc":{"start":{"line":104,"column":48},"end":{"line":115,"column":1}},"line":104}},"branchMap":{"0":{"loc":{"start":{"line":14,"column":30},"end":{"line":14,"column":42}},"type":"default-arg","locations":[{"start":{"line":14,"column":37},"end":{"line":14,"column":42}}],"line":14},"1":{"loc":{"start":{"line":29,"column":4},"end":{"line":31,"column":5}},"type":"if","locations":[{"start":{"line":29,"column":4},"end":{"line":31,"column":5}},{"start":{},"end":{}}],"line":29},"2":{"loc":{"start":{"line":51,"column":4},"end":{"line":51,"column":69}},"type":"if","locations":[{"start":{"line":51,"column":4},"end":{"line":51,"column":69}},{"start":{},"end":{}}],"line":51},"3":{"loc":{"start":{"line":76,"column":8},"end":{"line":77,"column":72}},"type":"if","locations":[{"start":{"line":76,"column":8},"end":{"line":77,"column":72}},{"start":{},"end":{}}],"line":76},"4":{"loc":{"start":{"line":89,"column":8},"end":{"line":89,"column":73}},"type":"if","locations":[{"start":{"line":89,"column":8},"end":{"line":89,"column":73}},{"start":{},"end":{}}],"line":89},"5":{"loc":{"start":{"line":93,"column":8},"end":{"line":94,"column":72}},"type":"if","locations":[{"start":{"line":93,"column":8},"end":{"line":94,"column":72}},{"start":{},"end":{}}],"line":93},"6":{"loc":{"start":{"line":107,"column":8},"end":{"line":108,"column":72}},"type":"if","locations":[{"start":{"line":107,"column":8},"end":{"line":108,"column":72}},{"start":{},"end":{}}],"line":107}},"s":{"0":1,"1":1,"2":1,"3":1,"4":1,"5":1,"6":0,"7":0,"8":0,"9":0,"10":0,"11":1,"12":0,"13":0,"14":0,"15":0,"16":0,"17":0,"18":0,"19":1,"20":0,"21":0,"22":0,"23":0,"24":0,"25":0,"26":0,"27":0,"28":0,"29":0,"30":0,"31":0,"32":0,"33":0,"34":1,"35":0,"36":0,"37":0,"38":0,"39":0,"40":0,"41":0,"42":0,"43":1,"44":0,"45":0,"46":0,"47":0,"48":0,"49":0,"50":0,"51":0,"52":0,"53":0,"54":0,"55":1,"56":0,"57":0,"58":0,"59":0,"60":0,"61":0,"62":0,"63":0,"64":1},"f":{"0":0,"1":0,"2":0,"3":0,"4":0,"5":0},"b":{"0":[0],"1":[0,0],"2":[0,0],"3":[0,0],"4":[0,0],"5":[0,0],"6":[0,0]},"_coverageSchema":"1a1c01bbd47fc00a2c39e90264f33305004495a9","hash":"b8362d6d9ace44f6d982d33abad855f43ade0a46"}
,"D:\\course-exc\\Node-Express-exc\\vidly-backend\\vidly-backend-src\\src\\routes\\users.js": {"path":"D:\\course-exc\\Node-Express-exc\\vidly-backend\\vidly-backend-src\\src\\routes\\users.js","statementMap":{"0":{"start":{"line":1,"column":13},"end":{"line":1,"column":45}},"1":{"start":{"line":2,"column":15},"end":{"line":2,"column":32}},"2":{"start":{"line":3,"column":12},"end":{"line":3,"column":26}},"3":{"start":{"line":4,"column":10},"end":{"line":4,"column":27}},"4":{"start":{"line":5,"column":16},"end":{"line":5,"column":34}},"5":{"start":{"line":6,"column":15},"end":{"line":6,"column":31}},"6":{"start":{"line":9,"column":4},"end":{"line":9,"column":36}},"7":{"start":{"line":11,"column":14},"end":{"line":11,"column":44}},"8":{"start":{"line":13,"column":21},"end":{"line":21,"column":1}},"9":{"start":{"line":14,"column":19},"end":{"line":18,"column":6}},"10":{"start":{"line":20,"column":4},"end":{"line":20,"column":33}},"11":{"start":{"line":24,"column":0},"end":{"line":27,"column":2}},"12":{"start":{"line":25,"column":17},"end":{"line":25,"column":71}},"13":{"start":{"line":26,"column":4},"end":{"line":26,"column":19}},"14":{"start":{"line":29,"column":0},"end":{"line":54,"column":3}},"15":{"start":{"line":30,"column":22},"end":{"line":30,"column":44}},"16":{"start":{"line":31,"column":4},"end":{"line":31,"column":69}},"17":{"start":{"line":31,"column":15},"end":{"line":31,"column":69}},"18":{"start":{"line":33,"column":23},"end":{"line":33,"column":69}},"19":{"start":{"line":34,"column":4},"end":{"line":34,"column":77}},"20":{"start":{"line":34,"column":22},"end":{"line":34,"column":77}},"21":{"start":{"line":36,"column":4},"end":{"line":36,"column":37}},"22":{"start":{"line":37,"column":18},"end":{"line":37,"column":76}},"23":{"start":{"line":38,"column":17},"end":{"line":38,"column":41}},"24":{"start":{"line":39,"column":4},"end":{"line":39,"column":65}},"25":{"start":{"line":41,"column":4},"end":{"line":53,"column":5}},"26":{"start":{"line":42,"column":21},"end":{"line":42,"column":46}},"27":{"start":{"line":44,"column":22},"end":{"line":44,"column":46}},"28":{"start":{"line":46,"column":8},"end":{"line":48,"column":14}},"29":{"start":{"line":50,"column":26},"end":{"line":50,"column":67}},"30":{"start":{"line":51,"column":8},"end":{"line":51,"column":31}},"31":{"start":{"line":52,"column":8},"end":{"line":52,"column":28}},"32":{"start":{"line":68,"column":0},"end":{"line":79,"column":3}},"33":{"start":{"line":69,"column":4},"end":{"line":78,"column":5}},"34":{"start":{"line":70,"column":25},"end":{"line":70,"column":54}},"35":{"start":{"line":71,"column":8},"end":{"line":72,"column":71}},"36":{"start":{"line":72,"column":12},"end":{"line":72,"column":71}},"37":{"start":{"line":73,"column":8},"end":{"line":73,"column":27}},"38":{"start":{"line":75,"column":26},"end":{"line":75,"column":61}},"39":{"start":{"line":76,"column":8},"end":{"line":76,"column":31}},"40":{"start":{"line":77,"column":8},"end":{"line":77,"column":28}},"41":{"start":{"line":81,"column":0},"end":{"line":96,"column":3}},"42":{"start":{"line":82,"column":4},"end":{"line":95,"column":5}},"43":{"start":{"line":83,"column":26},"end":{"line":83,"column":48}},"44":{"start":{"line":84,"column":8},"end":{"line":84,"column":73}},"45":{"start":{"line":84,"column":19},"end":{"line":84,"column":73}},"46":{"start":{"line":86,"column":23},"end":{"line":86,"column":64}},"47":{"start":{"line":88,"column":8},"end":{"line":88,"column":80}},"48":{"start":{"line":88,"column":21},"end":{"line":88,"column":80}},"49":{"start":{"line":90,"column":8},"end":{"line":90,"column":25}},"50":{"start":{"line":92,"column":26},"end":{"line":92,"column":61}},"51":{"start":{"line":93,"column":8},"end":{"line":93,"column":31}},"52":{"start":{"line":94,"column":8},"end":{"line":94,"column":28}},"53":{"start":{"line":98,"column":0},"end":{"line":108,"column":3}},"54":{"start":{"line":99,"column":4},"end":{"line":107,"column":5}},"55":{"start":{"line":100,"column":21},"end":{"line":100,"column":52}},"56":{"start":{"line":101,"column":8},"end":{"line":101,"column":78}},"57":{"start":{"line":101,"column":19},"end":{"line":101,"column":78}},"58":{"start":{"line":102,"column":8},"end":{"line":102,"column":23}},"59":{"start":{"line":104,"column":26},"end":{"line":104,"column":61}},"60":{"start":{"line":105,"column":8},"end":{"line":105,"column":31}},"61":{"start":{"line":106,"column":8},"end":{"line":106,"column":28}},"62":{"start":{"line":110,"column":0},"end":{"line":110,"column":24}}},"fnMap":{"0":{"name":"(anonymous_0)","decl":{"start":{"line":13,"column":21},"end":{"line":13,"column":22}},"loc":{"start":{"line":13,"column":31},"end":{"line":21,"column":1}},"line":13},"1":{"name":"(anonymous_1)","decl":{"start":{"line":24,"column":24},"end":{"line":24,"column":25}},"loc":{"start":{"line":24,"column":44},"end":{"line":27,"column":1}},"line":24},"2":{"name":"(anonymous_2)","decl":{"start":{"line":29,"column":17},"end":{"line":29,"column":18}},"loc":{"start":{"line":29,"column":37},"end":{"line":54,"column":1}},"line":29},"3":{"name":"(anonymous_3)","decl":{"start":{"line":68,"column":25},"end":{"line":68,"column":26}},"loc":{"start":{"line":68,"column":45},"end":{"line":79,"column":1}},"line":68},"4":{"name":"(anonymous_4)","decl":{"start":{"line":81,"column":25},"end":{"line":81,"column":26}},"loc":{"start":{"line":81,"column":45},"end":{"line":96,"column":1}},"line":81},"5":{"name":"(anonymous_5)","decl":{"start":{"line":98,"column":28},"end":{"line":98,"column":29}},"loc":{"start":{"line":98,"column":48},"end":{"line":108,"column":1}},"line":98}},"branchMap":{"0":{"loc":{"start":{"line":31,"column":4},"end":{"line":31,"column":69}},"type":"if","locations":[{"start":{"line":31,"column":4},"end":{"line":31,"column":69}},{"start":{},"end":{}}],"line":31},"1":{"loc":{"start":{"line":34,"column":4},"end":{"line":34,"column":77}},"type":"if","locations":[{"start":{"line":34,"column":4},"end":{"line":34,"column":77}},{"start":{},"end":{}}],"line":34},"2":{"loc":{"start":{"line":71,"column":8},"end":{"line":72,"column":71}},"type":"if","locations":[{"start":{"line":71,"column":8},"end":{"line":72,"column":71}},{"start":{},"end":{}}],"line":71},"3":{"loc":{"start":{"line":84,"column":8},"end":{"line":84,"column":73}},"type":"if","locations":[{"start":{"line":84,"column":8},"end":{"line":84,"column":73}},{"start":{},"end":{}}],"line":84},"4":{"loc":{"start":{"line":88,"column":8},"end":{"line":88,"column":80}},"type":"if","locations":[{"start":{"line":88,"column":8},"end":{"line":88,"column":80}},{"start":{},"end":{}}],"line":88},"5":{"loc":{"start":{"line":101,"column":8},"end":{"line":101,"column":78}},"type":"if","locations":[{"start":{"line":101,"column":8},"end":{"line":101,"column":78}},{"start":{},"end":{}}],"line":101}},"s":{"0":1,"1":1,"2":1,"3":1,"4":1,"5":1,"6":1,"7":1,"8":1,"9":0,"10":0,"11":1,"12":0,"13":0,"14":1,"15":0,"16":0,"17":0,"18":0,"19":0,"20":0,"21":0,"22":0,"23":0,"24":0,"25":0,"26":0,"27":0,"28":0,"29":0,"30":0,"31":0,"32":1,"33":0,"34":0,"35":0,"36":0,"37":0,"38":0,"39":0,"40":0,"41":1,"42":0,"43":0,"44":0,"45":0,"46":0,"47":0,"48":0,"49":0,"50":0,"51":0,"52":0,"53":1,"54":0,"55":0,"56":0,"57":0,"58":0,"59":0,"60":0,"61":0,"62":1},"f":{"0":0,"1":0,"2":0,"3":0,"4":0,"5":0},"b":{"0":[0,0],"1":[0,0],"2":[0,0],"3":[0,0],"4":[0,0],"5":[0,0]},"_coverageSchema":"1a1c01bbd47fc00a2c39e90264f33305004495a9","hash":"c787e10c8b591c59c71db7b85bc4d6ad6d86905e"}
,"D:\\course-exc\\Node-Express-exc\\vidly-backend\\vidly-backend-src\\src\\startup\\config.js": {"path":"D:\\course-exc\\Node-Express-exc\\vidly-backend\\vidly-backend-src\\src\\startup\\config.js","statementMap":{"0":{"start":{"line":1,"column":15},"end":{"line":1,"column":32}},"1":{"start":{"line":3,"column":0},"end":{"line":7,"column":1}},"2":{"start":{"line":4,"column":4},"end":{"line":6,"column":5}},"3":{"start":{"line":5,"column":8},"end":{"line":5,"column":69}}},"fnMap":{"0":{"name":"(anonymous_0)","decl":{"start":{"line":3,"column":17},"end":{"line":3,"column":18}},"loc":{"start":{"line":3,"column":28},"end":{"line":7,"column":1}},"line":3}},"branchMap":{"0":{"loc":{"start":{"line":4,"column":4},"end":{"line":6,"column":5}},"type":"if","locations":[{"start":{"line":4,"column":4},"end":{"line":6,"column":5}},{"start":{},"end":{}}],"line":4}},"s":{"0":1,"1":1,"2":1,"3":0},"f":{"0":1},"b":{"0":[0,1]},"_coverageSchema":"1a1c01bbd47fc00a2c39e90264f33305004495a9","hash":"981d55c90f3b0a3f3ecefa5a77a2cb8cc7457934"}
,"D:\\course-exc\\Node-Express-exc\\vidly-backend\\vidly-backend-src\\src\\startup\\dbInit.js": {"path":"D:\\course-exc\\Node-Express-exc\\vidly-backend\\vidly-backend-src\\src\\startup\\dbInit.js","statementMap":{"0":{"start":{"line":1,"column":30},"end":{"line":1,"column":49}},"1":{"start":{"line":2,"column":16},"end":{"line":2,"column":34}},"2":{"start":{"line":3,"column":15},"end":{"line":3,"column":32}},"3":{"start":{"line":5,"column":0},"end":{"line":15,"column":2}},"4":{"start":{"line":6,"column":15},"end":{"line":6,"column":31}},"5":{"start":{"line":7,"column":4},"end":{"line":14,"column":11}},"6":{"start":{"line":10,"column":12},"end":{"line":10,"column":50}},"7":{"start":{"line":13,"column":12},"end":{"line":13,"column":57}}},"fnMap":{"0":{"name":"(anonymous_0)","decl":{"start":{"line":5,"column":17},"end":{"line":5,"column":18}},"loc":{"start":{"line":5,"column":29},"end":{"line":15,"column":1}},"line":5},"1":{"name":"(anonymous_1)","decl":{"start":{"line":9,"column":14},"end":{"line":9,"column":15}},"loc":{"start":{"line":9,"column":20},"end":{"line":11,"column":9}},"line":9},"2":{"name":"(anonymous_2)","decl":{"start":{"line":12,"column":15},"end":{"line":12,"column":16}},"loc":{"start":{"line":12,"column":21},"end":{"line":14,"column":9}},"line":12}},"branchMap":{},"s":{"0":1,"1":1,"2":1,"3":1,"4":1,"5":1,"6":0,"7":1},"f":{"0":1,"1":0,"2":1},"b":{},"_coverageSchema":"1a1c01bbd47fc00a2c39e90264f33305004495a9","hash":"fb7bf315edafb7111001425524d96424d6e5d708"}
,"D:\\course-exc\\Node-Express-exc\\vidly-backend\\vidly-backend-src\\src\\startup\\logging.js": {"path":"D:\\course-exc\\Node-Express-exc\\vidly-backend\\vidly-backend-src\\src\\startup\\logging.js","statementMap":{"0":{"start":{"line":1,"column":16},"end":{"line":1,"column":34}},"1":{"start":{"line":2,"column":0},"end":{"line":2,"column":27}},"2":{"start":{"line":4,"column":0},"end":{"line":28,"column":2}},"3":{"start":{"line":5,"column":4},"end":{"line":8,"column":7}},"4":{"start":{"line":6,"column":8},"end":{"line":6,"column":41}},"5":{"start":{"line":7,"column":8},"end":{"line":7,"column":40}},"6":{"start":{"line":10,"column":4},"end":{"line":16,"column":6}},"7":{"start":{"line":17,"column":4},"end":{"line":22,"column":6}},"8":{"start":{"line":24,"column":4},"end":{"line":24,"column":74}},"9":{"start":{"line":25,"column":4},"end":{"line":27,"column":6}}},"fnMap":{"0":{"name":"(anonymous_0)","decl":{"start":{"line":4,"column":17},"end":{"line":4,"column":18}},"loc":{"start":{"line":4,"column":29},"end":{"line":28,"column":1}},"line":4},"1":{"name":"(anonymous_1)","decl":{"start":{"line":5,"column":36},"end":{"line":5,"column":37}},"loc":{"start":{"line":5,"column":45},"end":{"line":8,"column":5}},"line":5}},"branchMap":{},"s":{"0":1,"1":1,"2":1,"3":1,"4":0,"5":0,"6":1,"7":1,"8":1,"9":1},"f":{"0":1,"1":0},"b":{},"_coverageSchema":"1a1c01bbd47fc00a2c39e90264f33305004495a9","hash":"3e5519b38f0e12f39eb1ecdca8d711a293e7ae5c"}
,"D:\\course-exc\\Node-Express-exc\\vidly-backend\\vidly-backend-src\\src\\startup\\routes.js": {"path":"D:\\course-exc\\Node-Express-exc\\vidly-backend\\vidly-backend-src\\src\\startup\\routes.js","statementMap":{"0":{"start":{"line":1,"column":16},"end":{"line":1,"column":34}},"1":{"start":{"line":3,"column":21},"end":{"line":3,"column":48}},"2":{"start":{"line":4,"column":24},"end":{"line":4,"column":54}},"3":{"start":{"line":5,"column":21},"end":{"line":5,"column":48}},"4":{"start":{"line":6,"column":20},"end":{"line":6,"column":46}},"5":{"start":{"line":8,"column":13},"end":{"line":8,"column":38}},"6":{"start":{"line":9,"column":14},"end":{"line":9,"column":47}},"7":{"start":{"line":11,"column":0},"end":{"line":22,"column":2}},"8":{"start":{"line":12,"column":4},"end":{"line":12,"column":28}},"9":{"start":{"line":15,"column":4},"end":{"line":15,"column":41}},"10":{"start":{"line":16,"column":4},"end":{"line":16,"column":47}},"11":{"start":{"line":17,"column":4},"end":{"line":17,"column":41}},"12":{"start":{"line":18,"column":4},"end":{"line":18,"column":39}},"13":{"start":{"line":19,"column":4},"end":{"line":19,"column":31}},"14":{"start":{"line":21,"column":4},"end":{"line":21,"column":19}}},"fnMap":{"0":{"name":"(anonymous_0)","decl":{"start":{"line":11,"column":17},"end":{"line":11,"column":18}},"loc":{"start":{"line":11,"column":32},"end":{"line":22,"column":1}},"line":11}},"branchMap":{},"s":{"0":1,"1":1,"2":1,"3":1,"4":1,"5":1,"6":1,"7":1,"8":1,"9":1,"10":1,"11":1,"12":1,"13":1,"14":1},"f":{"0":1},"b":{},"_coverageSchema":"1a1c01bbd47fc00a2c39e90264f33305004495a9","hash":"a37468e5935f679c741550af5a7f78b6d372c306"}
}
